# JRE version: Java(TM) SE Runtime Environment (8.0_101-b13) (build 1.8.0_101-b13)
# Java VM: Java HotSpot(TM) 64-Bit Server VM (25.101-b13 mixed mode windows-amd64 compressed oops)
Heap:
 PSYoungGen      total 36864K, used 35213K [0x00000000d5f00000, 0x00000000d8880000, 0x0000000100000000)
  eden space 32256K, 95% used [0x00000000d5f00000,0x00000000d7d1d040,0x00000000d7e80000)
  from space 4608K, 94% used [0x00000000d8400000,0x00000000d8846528,0x00000000d8880000)
  to   space 5120K, 0% used [0x00000000d7e80000,0x00000000d7e80000,0x00000000d8380000)
 ParOldGen       total 87552K, used 56K [0x0000000081c00000, 0x0000000087180000, 0x00000000d5f00000)
  object space 87552K, 0% used [0x0000000081c00000,0x0000000081c0e000,0x0000000087180000)
 Metaspace       used 12928K, capacity 13224K, committed 13440K, reserved 1060864K
  class space    used 1488K, capacity 1579K, committed 1664K, reserved 1048576K
GC Heap History (10 events):
Event: 22.120 GC heap before
{Heap before GC invocations=2 (full 0):
 PSYoungGen      total 38400K, used 38013K [0x00000000d5f00000, 0x00000000d8980000, 0x0000000100000000)
  eden space 33280K, 100% used [0x00000000d5f00000,0x00000000d7f80000,0x00000000d7f80000)
  from space 5120K, 92% used [0x00000000d7f80000,0x00000000d841f780,0x00000000d8480000)
  to   space 5120K, 0% used [0x00000000d8480000,0x00000000d8480000,0x00000000d8980000)
 ParOldGen       total 87552K, used 16K [0x0000000081c00000, 0x0000000087180000, 0x00000000d5f00000)
  object space 87552K, 0% used [0x0000000081c00000,0x0000000081c04000,0x0000000087180000)
 Metaspace       used 12551K, capacity 12840K, committed 12928K, reserved 1060864K
  class space    used 1483K, capacity 1579K, committed 1664K, reserved 1048576K
Event: 22.126 GC heap after
Heap after GC invocations=2 (full 0):
 PSYoungGen      total 38400K, used 4169K [0x00000000d5f00000, 0x00000000d8980000, 0x0000000100000000)
  eden space 33280K, 0% used [0x00000000d5f00000,0x00000000d5f00000,0x00000000d7f80000)
  from space 5120K, 81% used [0x00000000d8480000,0x00000000d8892518,0x00000000d8980000)
  to   space 5120K, 0% used [0x00000000d7f80000,0x00000000d7f80000,0x00000000d8480000)
 ParOldGen       total 87552K, used 24K [0x0000000081c00000, 0x0000000087180000, 0x00000000d5f00000)
  object space 87552K, 0% used [0x0000000081c00000,0x0000000081c06000,0x0000000087180000)
 Metaspace       used 12551K, capacity 12840K, committed 12928K, reserved 1060864K
  class space    used 1483K, capacity 1579K, committed 1664K, reserved 1048576K
}
Event: 52.099 GC heap before
{Heap before GC invocations=3 (full 0):
 PSYoungGen      total 38400K, used 37449K [0x00000000d5f00000, 0x00000000d8980000, 0x0000000100000000)
  eden space 33280K, 100% used [0x00000000d5f00000,0x00000000d7f80000,0x00000000d7f80000)
  from space 5120K, 81% used [0x00000000d8480000,0x00000000d8892518,0x00000000d8980000)
  to   space 5120K, 0% used [0x00000000d7f80000,0x00000000d7f80000,0x00000000d8480000)
 ParOldGen       total 87552K, used 24K [0x0000000081c00000, 0x0000000087180000, 0x00000000d5f00000)
  object space 87552K, 0% used [0x0000000081c00000,0x0000000081c06000,0x0000000087180000)
 Metaspace       used 12726K, capacity 13032K, committed 13184K, reserved 1060864K
  class space    used 1486K, capacity 1579K, committed 1664K, reserved 1048576K
Event: 52.105 GC heap after
Heap after GC invocations=3 (full 0):
 PSYoungGen      total 38400K, used 4281K [0x00000000d5f00000, 0x00000000d8980000, 0x0000000100000000)
  eden space 33280K, 0% used [0x00000000d5f00000,0x00000000d5f00000,0x00000000d7f80000)
  from space 5120K, 83% used [0x00000000d7f80000,0x00000000d83ae528,0x00000000d8480000)
  to   space 5120K, 0% used [0x00000000d8480000,0x00000000d8480000,0x00000000d8980000)
 ParOldGen       total 87552K, used 32K [0x0000000081c00000, 0x0000000087180000, 0x00000000d5f00000)
  object space 87552K, 0% used [0x0000000081c00000,0x0000000081c08000,0x0000000087180000)
 Metaspace       used 12726K, capacity 13032K, committed 13184K, reserved 1060864K
  class space    used 1486K, capacity 1579K, committed 1664K, reserved 1048576K
}
Event: 79.792 GC heap before
{Heap before GC invocations=4 (full 0):
 PSYoungGen      total 38400K, used 37561K [0x00000000d5f00000, 0x00000000d8980000, 0x0000000100000000)
  eden space 33280K, 100% used [0x00000000d5f00000,0x00000000d7f80000,0x00000000d7f80000)
  from space 5120K, 83% used [0x00000000d7f80000,0x00000000d83ae528,0x00000000d8480000)
  to   space 5120K, 0% used [0x00000000d8480000,0x00000000d8480000,0x00000000d8980000)
 ParOldGen       total 87552K, used 32K [0x0000000081c00000, 0x0000000087180000, 0x00000000d5f00000)
  object space 87552K, 0% used [0x0000000081c00000,0x0000000081c08000,0x0000000087180000)
 Metaspace       used 12811K, capacity 13096K, committed 13184K, reserved 1060864K
  class space    used 1487K, capacity 1579K, committed 1664K, reserved 1048576K
Event: 79.801 GC heap after
Heap after GC invocations=4 (full 0):
 PSYoungGen      total 38400K, used 4329K [0x00000000d5f00000, 0x00000000d8980000, 0x0000000100000000)
  eden space 33280K, 0% used [0x00000000d5f00000,0x00000000d5f00000,0x00000000d7f80000)
  from space 5120K, 84% used [0x00000000d8480000,0x00000000d88ba518,0x00000000d8980000)
  to   space 5120K, 0% used [0x00000000d7f80000,0x00000000d7f80000,0x00000000d8480000)
 ParOldGen       total 87552K, used 40K [0x0000000081c00000, 0x0000000087180000, 0x00000000d5f00000)
  object space 87552K, 0% used [0x0000000081c00000,0x0000000081c0a000,0x0000000087180000)
 Metaspace       used 12811K, capacity 13096K, committed 13184K, reserved 1060864K
  class space    used 1487K, capacity 1579K, committed 1664K, reserved 1048576K
}
Event: 115.855 GC heap before
{Heap before GC invocations=5 (full 0):
 PSYoungGen      total 38400K, used 37609K [0x00000000d5f00000, 0x00000000d8980000, 0x0000000100000000)
  eden space 33280K, 100% used [0x00000000d5f00000,0x00000000d7f80000,0x00000000d7f80000)
  from space 5120K, 84% used [0x00000000d8480000,0x00000000d88ba518,0x00000000d8980000)
  to   space 5120K, 0% used [0x00000000d7f80000,0x00000000d7f80000,0x00000000d8480000)
 ParOldGen       total 87552K, used 40K [0x0000000081c00000, 0x0000000087180000, 0x00000000d5f00000)
  object space 87552K, 0% used [0x0000000081c00000,0x0000000081c0a000,0x0000000087180000)
 Metaspace       used 12884K, capacity 13160K, committed 13440K, reserved 1060864K
  class space    used 1487K, capacity 1579K, committed 1664K, reserved 1048576K
Event: 115.862 GC heap after
Heap after GC invocations=5 (full 0):
 PSYoungGen      total 37376K, used 4393K [0x00000000d5f00000, 0x00000000d8900000, 0x0000000100000000)
  eden space 32768K, 0% used [0x00000000d5f00000,0x00000000d5f00000,0x00000000d7f00000)
  from space 4608K, 95% used [0x00000000d7f80000,0x00000000d83ca518,0x00000000d8400000)
  to   space 5120K, 0% used [0x00000000d8400000,0x00000000d8400000,0x00000000d8900000)
 ParOldGen       total 87552K, used 48K [0x0000000081c00000, 0x0000000087180000, 0x00000000d5f00000)
  object space 87552K, 0% used [0x0000000081c00000,0x0000000081c0c000,0x0000000087180000)
 Metaspace       used 12884K, capacity 13160K, committed 13440K, reserved 1060864K
  class space    used 1487K, capacity 1579K, committed 1664K, reserved 1048576K
}
Event: 151.871 GC heap before
{Heap before GC invocations=6 (full 0):
 PSYoungGen      total 37376K, used 37161K [0x00000000d5f00000, 0x00000000d8900000, 0x0000000100000000)
  eden space 32768K, 100% used [0x00000000d5f00000,0x00000000d7f00000,0x00000000d7f00000)
  from space 4608K, 95% used [0x00000000d7f80000,0x00000000d83ca518,0x00000000d8400000)
  to   space 5120K, 0% used [0x00000000d8400000,0x00000000d8400000,0x00000000d8900000)
 ParOldGen       total 87552K, used 48K [0x0000000081c00000, 0x0000000087180000, 0x00000000d5f00000)
  object space 87552K, 0% used [0x0000000081c00000,0x0000000081c0c000,0x0000000087180000)
 Metaspace       used 12919K, capacity 13160K, committed 13440K, reserved 1060864K
  class space    used 1488K, capacity 1579K, committed 1664K, reserved 1048576K
Event: 151.878 GC heap after
Heap after GC invocations=6 (full 0):
 PSYoungGen      total 36864K, used 4377K [0x00000000d5f00000, 0x00000000d8880000, 0x0000000100000000)
  eden space 32256K, 0% used [0x00000000d5f00000,0x00000000d5f00000,0x00000000d7e80000)
  from space 4608K, 94% used [0x00000000d8400000,0x00000000d8846528,0x00000000d8880000)
  to   space 5120K, 0% used [0x00000000d7e80000,0x00000000d7e80000,0x00000000d8380000)
 ParOldGen       total 87552K, used 56K [0x0000000081c00000, 0x0000000087180000, 0x00000000d5f00000)
  object space 87552K, 0% used [0x0000000081c00000,0x0000000081c0e000,0x0000000087180000)
 Metaspace       used 12919K, capacity 13160K, committed 13440K, reserved 1060864K
  class space    used 1488K, capacity 1579K, committed 1664K, reserved 1048576K
}

