# JRE version: Java(TM) SE Runtime Environment (8.0_101-b13) (build 1.8.0_101-b13)
# Java VM: Java HotSpot(TM) 64-Bit Server VM (25.101-b13 mixed mode windows-amd64 compressed oops)
Heap:
 PSYoungGen      total 37888K, used 16521K [0x00000000d5f00000, 0x00000000d8f00000, 0x0000000100000000)
  eden space 32768K, 38% used [0x00000000d5f00000,0x00000000d6b441e0,0x00000000d7f00000)
  from space 5120K, 77% used [0x00000000d7f80000,0x00000000d835e508,0x00000000d8480000)
  to   space 8192K, 0% used [0x00000000d8700000,0x00000000d8700000,0x00000000d8f00000)
 ParOldGen       total 87552K, used 3002K [0x0000000081c00000, 0x0000000087180000, 0x00000000d5f00000)
  object space 87552K, 3% used [0x0000000081c00000,0x0000000081eeeb40,0x0000000087180000)
 Metaspace       used 13023K, capacity 13320K, committed 13440K, reserved 1060864K
  class space    used 1508K, capacity 1611K, committed 1664K, reserved 1048576K
GC Heap History (10 events):
Event: 1.345 GC heap before
{Heap before GC invocations=1 (full 0):
 PSYoungGen      total 38400K, used 33280K [0x00000000d5f00000, 0x00000000d8980000, 0x0000000100000000)
  eden space 33280K, 100% used [0x00000000d5f00000,0x00000000d7f80000,0x00000000d7f80000)
  from space 5120K, 0% used [0x00000000d8480000,0x00000000d8480000,0x00000000d8980000)
  to   space 5120K, 0% used [0x00000000d7f80000,0x00000000d7f80000,0x00000000d8480000)
 ParOldGen       total 87552K, used 0K [0x0000000081c00000, 0x0000000087180000, 0x00000000d5f00000)
  object space 87552K, 0% used [0x0000000081c00000,0x0000000081c00000,0x0000000087180000)
 Metaspace       used 12044K, capacity 12342K, committed 12672K, reserved 1060864K
  class space    used 1462K, capacity 1546K, committed 1664K, reserved 1048576K
Event: 1.352 GC heap after
Heap after GC invocations=1 (full 0):
 PSYoungGen      total 38400K, used 5090K [0x00000000d5f00000, 0x00000000d8980000, 0x0000000100000000)
  eden space 33280K, 0% used [0x00000000d5f00000,0x00000000d5f00000,0x00000000d7f80000)
  from space 5120K, 99% used [0x00000000d7f80000,0x00000000d8478a20,0x00000000d8480000)
  to   space 5120K, 0% used [0x00000000d8480000,0x00000000d8480000,0x00000000d8980000)
 ParOldGen       total 87552K, used 2970K [0x0000000081c00000, 0x0000000087180000, 0x00000000d5f00000)
  object space 87552K, 3% used [0x0000000081c00000,0x0000000081ee6b40,0x0000000087180000)
 Metaspace       used 12044K, capacity 12342K, committed 12672K, reserved 1060864K
  class space    used 1462K, capacity 1546K, committed 1664K, reserved 1048576K
}
Event: 21.507 GC heap before
{Heap before GC invocations=2 (full 0):
 PSYoungGen      total 38400K, used 38370K [0x00000000d5f00000, 0x00000000d8980000, 0x0000000100000000)
  eden space 33280K, 100% used [0x00000000d5f00000,0x00000000d7f80000,0x00000000d7f80000)
  from space 5120K, 99% used [0x00000000d7f80000,0x00000000d8478a20,0x00000000d8480000)
  to   space 5120K, 0% used [0x00000000d8480000,0x00000000d8480000,0x00000000d8980000)
 ParOldGen       total 87552K, used 2970K [0x0000000081c00000, 0x0000000087180000, 0x00000000d5f00000)
  object space 87552K, 3% used [0x0000000081c00000,0x0000000081ee6b40,0x0000000087180000)
 Metaspace       used 12567K, capacity 12840K, committed 12928K, reserved 1060864K
  class space    used 1492K, capacity 1579K, committed 1664K, reserved 1048576K
Event: 21.512 GC heap after
Heap after GC invocations=2 (full 0):
 PSYoungGen      total 38400K, used 3801K [0x00000000d5f00000, 0x00000000d8980000, 0x0000000100000000)
  eden space 33280K, 0% used [0x00000000d5f00000,0x00000000d5f00000,0x00000000d7f80000)
  from space 5120K, 74% used [0x00000000d8480000,0x00000000d8836528,0x00000000d8980000)
  to   space 5120K, 0% used [0x00000000d7f80000,0x00000000d7f80000,0x00000000d8480000)
 ParOldGen       total 87552K, used 2978K [0x0000000081c00000, 0x0000000087180000, 0x00000000d5f00000)
  object space 87552K, 3% used [0x0000000081c00000,0x0000000081ee8b40,0x0000000087180000)
 Metaspace       used 12567K, capacity 12840K, committed 12928K, reserved 1060864K
  class space    used 1492K, capacity 1579K, committed 1664K, reserved 1048576K
}
Event: 51.134 GC heap before
{Heap before GC invocations=3 (full 0):
 PSYoungGen      total 38400K, used 37081K [0x00000000d5f00000, 0x00000000d8980000, 0x0000000100000000)
  eden space 33280K, 100% used [0x00000000d5f00000,0x00000000d7f80000,0x00000000d7f80000)
  from space 5120K, 74% used [0x00000000d8480000,0x00000000d8836528,0x00000000d8980000)
  to   space 5120K, 0% used [0x00000000d7f80000,0x00000000d7f80000,0x00000000d8480000)
 ParOldGen       total 87552K, used 2978K [0x0000000081c00000, 0x0000000087180000, 0x00000000d5f00000)
  object space 87552K, 3% used [0x0000000081c00000,0x0000000081ee8b40,0x0000000087180000)
 Metaspace       used 12748K, capacity 13032K, committed 13184K, reserved 1060864K
  class space    used 1492K, capacity 1579K, committed 1664K, reserved 1048576K
Event: 51.140 GC heap after
Heap after GC invocations=3 (full 0):
 PSYoungGen      total 38400K, used 3961K [0x00000000d5f00000, 0x00000000d8980000, 0x0000000100000000)
  eden space 33280K, 0% used [0x00000000d5f00000,0x00000000d5f00000,0x00000000d7f80000)
  from space 5120K, 77% used [0x00000000d7f80000,0x00000000d835e528,0x00000000d8480000)
  to   space 5120K, 0% used [0x00000000d8480000,0x00000000d8480000,0x00000000d8980000)
 ParOldGen       total 87552K, used 2986K [0x0000000081c00000, 0x0000000087180000, 0x00000000d5f00000)
  object space 87552K, 3% used [0x0000000081c00000,0x0000000081eeab40,0x0000000087180000)
 Metaspace       used 12748K, capacity 13032K, committed 13184K, reserved 1060864K
  class space    used 1492K, capacity 1579K, committed 1664K, reserved 1048576K
}
Event: 86.895 GC heap before
{Heap before GC invocations=4 (full 0):
 PSYoungGen      total 38400K, used 37241K [0x00000000d5f00000, 0x00000000d8980000, 0x0000000100000000)
  eden space 33280K, 100% used [0x00000000d5f00000,0x00000000d7f80000,0x00000000d7f80000)
  from space 5120K, 77% used [0x00000000d7f80000,0x00000000d835e528,0x00000000d8480000)
  to   space 5120K, 0% used [0x00000000d8480000,0x00000000d8480000,0x00000000d8980000)
 ParOldGen       total 87552K, used 2986K [0x0000000081c00000, 0x0000000087180000, 0x00000000d5f00000)
  object space 87552K, 3% used [0x0000000081c00000,0x0000000081eeab40,0x0000000087180000)
 Metaspace       used 12847K, capacity 13096K, committed 13184K, reserved 1060864K
  class space    used 1493K, capacity 1579K, committed 1664K, reserved 1048576K
Event: 86.901 GC heap after
Heap after GC invocations=4 (full 0):
 PSYoungGen      total 38400K, used 4057K [0x00000000d5f00000, 0x00000000d8980000, 0x0000000100000000)
  eden space 33280K, 0% used [0x00000000d5f00000,0x00000000d5f00000,0x00000000d7f80000)
  from space 5120K, 79% used [0x00000000d8480000,0x00000000d8876508,0x00000000d8980000)
  to   space 5120K, 0% used [0x00000000d7f80000,0x00000000d7f80000,0x00000000d8480000)
 ParOldGen       total 87552K, used 2994K [0x0000000081c00000, 0x0000000087180000, 0x00000000d5f00000)
  object space 87552K, 3% used [0x0000000081c00000,0x0000000081eecb40,0x0000000087180000)
 Metaspace       used 12847K, capacity 13096K, committed 13184K, reserved 1060864K
  class space    used 1493K, capacity 1579K, committed 1664K, reserved 1048576K
}
Event: 117.280 GC heap before
{Heap before GC invocations=5 (full 0):
 PSYoungGen      total 38400K, used 37337K [0x00000000d5f00000, 0x00000000d8980000, 0x0000000100000000)
  eden space 33280K, 100% used [0x00000000d5f00000,0x00000000d7f80000,0x00000000d7f80000)
  from space 5120K, 79% used [0x00000000d8480000,0x00000000d8876508,0x00000000d8980000)
  to   space 5120K, 0% used [0x00000000d7f80000,0x00000000d7f80000,0x00000000d8480000)
 ParOldGen       total 87552K, used 2994K [0x0000000081c00000, 0x0000000087180000, 0x00000000d5f00000)
  object space 87552K, 3% used [0x0000000081c00000,0x0000000081eecb40,0x0000000087180000)
 Metaspace       used 12893K, capacity 13160K, committed 13440K, reserved 1060864K
  class space    used 1493K, capacity 1579K, committed 1664K, reserved 1048576K
Event: 117.286 GC heap after
Heap after GC invocations=5 (full 0):
 PSYoungGen      total 37888K, used 3961K [0x00000000d5f00000, 0x00000000d8f00000, 0x0000000100000000)
  eden space 32768K, 0% used [0x00000000d5f00000,0x00000000d5f00000,0x00000000d7f00000)
  from space 5120K, 77% used [0x00000000d7f80000,0x00000000d835e508,0x00000000d8480000)
  to   space 8192K, 0% used [0x00000000d8700000,0x00000000d8700000,0x00000000d8f00000)
 ParOldGen       total 87552K, used 3002K [0x0000000081c00000, 0x0000000087180000, 0x00000000d5f00000)
  object space 87552K, 3% used [0x0000000081c00000,0x0000000081eeeb40,0x0000000087180000)
 Metaspace       used 12893K, capacity 13160K, committed 13440K, reserved 1060864K
  class space    used 1493K, capacity 1579K, committed 1664K, reserved 1048576K
}

